Detecting C [-std=c11] compiler features failed to compile with the following output:
Change Dir: /home/jess/Escritorio/FV/src/build/CMakeFiles/CMakeTmp

Run Build Command:"/usr/bin/make" "cmTC_12a7d/fast"
/usr/bin/make -f CMakeFiles/cmTC_12a7d.dir/build.make CMakeFiles/cmTC_12a7d.dir/build
make[1]: se entra en el directorio '/home/jess/Escritorio/FV/src/build/CMakeFiles/CMakeTmp'
Building C object CMakeFiles/cmTC_12a7d.dir/feature_tests.c.o
/usr/bin/c89-gcc    -std=c11 -o CMakeFiles/cmTC_12a7d.dir/feature_tests.c.o   -c /home/jess/Escritorio/FV/src/build/CMakeFiles/feature_tests.c
c89-gcc called with non ANSI/ISO C option -std=c11
CMakeFiles/cmTC_12a7d.dir/build.make:65: fallo en las instrucciones para el objetivo 'CMakeFiles/cmTC_12a7d.dir/feature_tests.c.o'
make[1]: *** [CMakeFiles/cmTC_12a7d.dir/feature_tests.c.o] Error 1
make[1]: se sale del directorio '/home/jess/Escritorio/FV/src/build/CMakeFiles/CMakeTmp'
Makefile:126: fallo en las instrucciones para el objetivo 'cmTC_12a7d/fast'
make: *** [cmTC_12a7d/fast] Error 2



